2025-04-25 18:40:50,638 - INFO - ===== Iniciando coleta de notÌcias em 2025-04-25 18:40:50 =====
2025-04-25 18:40:50,639 - INFO - Coletando notÌcias do TechTudo (Games)...
2025-04-25 18:41:05,677 - ERROR - Erro ao coletar notÌcias do TechTudo: HTTPSConnectionPool(host='www.techtudo.com.br', port=443): Read timed out. (read timeout=15)
2025-04-25 18:41:07,678 - INFO - Coletando notÌcias da IGN Brasil...
2025-04-25 18:41:22,742 - ERROR - Erro ao coletar notÌcias da IGN Brasil: HTTPSConnectionPool(host='br.ign.com', port=443): Read timed out. (read timeout=15)
2025-04-25 18:41:24,743 - INFO - Coletando notÌcias da PC Gamer...
2025-04-25 18:41:32,120 - INFO - Status da resposta PC Gamer: 200
2025-04-25 18:41:32,221 - INFO - Artigos encontrados PC Gamer: 11
2025-04-25 18:41:32,247 - INFO - NotÌcia encontrada PC Gamer: By choosing not to replace Oblivion Remastered's s...
2025-04-25 18:41:32,248 - INFO - NotÌcia encontrada PC Gamer: Modders somehow cranked out a VR mod for Oblivion ...
2025-04-25 18:41:32,249 - INFO - NotÌcia encontrada PC Gamer: The new shooter from the former 4A Ukraine studio ...
2025-04-25 18:41:32,250 - INFO - NotÌcia encontrada PC Gamer: Fallout creator laments the loss of the game's ear...
2025-04-25 18:41:32,251 - INFO - NotÌcia encontrada PC Gamer: Powercolor Radeon RX 9070 GRE pictured which means...
2025-04-25 18:41:32,252 - INFO - NotÌcia encontrada PC Gamer: Hugo Martin isn't messing around as he unveils Doo...
2025-04-25 18:41:32,253 - INFO - NotÌcia encontrada PC Gamer: Apple and Meta have been fined a total of Ä700,000...
2025-04-25 18:41:32,255 - INFO - NotÌcia encontrada PC Gamer: I spent $3 to shoot a wall for 30 minutes...
2025-04-25 18:41:32,255 - INFO - NotÌcia encontrada PC Gamer: As she chalks up 10,000+ final boss kills, Elden R...
2025-04-25 18:41:34,257 - INFO - Coletando notÌcias do Adrenaline...
2025-04-25 18:41:37,963 - INFO - Status da resposta Adrenaline: 200
2025-04-25 18:41:38,050 - INFO - Artigos encontrados Adrenaline: 0
2025-04-25 18:41:40,051 - INFO - Coletando notÌcias do TecMundo (Games)...
2025-04-25 18:41:43,176 - INFO - Status da resposta TecMundo: 500
2025-04-25 18:41:43,208 - INFO - Artigos encontrados TecMundo: 0
2025-04-25 18:41:43,208 - INFO - Total de notÌcias coletadas apÛs filtragem: 9
2025-04-25 18:41:43,216 - INFO - Arquivos noticias.json e noticias.js gerados com sucesso!
2025-04-25 18:41:43,216 - INFO - ===== Coleta finalizada em 2025-04-25 18:41:43 =====

2025-04-25 19:01:52,365 - INFO - ===== Iniciando coleta de notÌcias em 2025-04-25 19:01:52 =====
2025-04-25 19:01:52,378 - INFO - Coletando notÌcias do TechTudo (Games)...
2025-04-25 19:01:53,252 - INFO - Status da resposta TechTudo: 404
2025-04-25 19:01:53,261 - INFO - Artigos encontrados TechTudo: 0
2025-04-25 19:01:55,263 - INFO - Coletando notÌcias da IGN Brasil...
2025-04-25 19:01:55,915 - INFO - Status da resposta IGN: 200
2025-04-25 19:01:56,049 - INFO - Artigos encontrados IGN: 71
2025-04-25 19:01:56,051 - INFO - NotÌcia encontrada IGN: Lost Records: Bloom & Rage È como uma festa que ac...
2025-04-25 19:01:56,051 - INFO - NotÌcia encontrada IGN: Clair Obscur: Expedition 33 ñ Um novo cl·ssico for...
2025-04-25 19:01:56,052 - INFO - NotÌcia encontrada IGN: Fatal Fury: City of the Wolves È o mehor jogo da S...
2025-04-25 19:01:56,053 - INFO - NotÌcia encontrada IGN: Nintendo revela preÁo e data de lanÁamento do Swit...
2025-04-25 19:01:56,053 - INFO - NotÌcia encontrada IGN: Clair Obscur: Expedition 33 supera Blue Prince e s...
2025-04-25 19:01:56,054 - INFO - NotÌcia encontrada IGN: Dune: Awakening ter· beta aberto extenso no inÌcio...
2025-04-25 19:01:56,055 - INFO - NotÌcia encontrada IGN: Hideo Kojima escolheu Margaret Qualley para papel ...
2025-04-25 19:01:56,055 - INFO - NotÌcia encontrada IGN: Em comemoraÁıes do Alien Day de 2025, cl·ssico gam...
2025-04-25 19:01:56,056 - INFO - NotÌcia encontrada IGN: "Sempre esteve na nossa lista interna de projetos"...
2025-04-25 19:01:56,057 - INFO - NotÌcia encontrada IGN: Muita gente n„o sabe, mas jogo antigo de Gravity F...
2025-04-25 19:01:58,058 - INFO - Coletando notÌcias da PC Gamer...
2025-04-25 19:01:59,710 - INFO - Status da resposta PC Gamer: 200
2025-04-25 19:01:59,763 - INFO - Artigos encontrados PC Gamer: 11
2025-04-25 19:01:59,764 - INFO - NotÌcia encontrada PC Gamer: We can finally play 2006's flip phone-exclusive Mo...
2025-04-25 19:01:59,764 - INFO - NotÌcia encontrada PC Gamer: By choosing not to replace Oblivion Remastered's s...
2025-04-25 19:01:59,765 - INFO - NotÌcia encontrada PC Gamer: Modders somehow cranked out a VR mod for Oblivion ...
2025-04-25 19:01:59,765 - INFO - NotÌcia encontrada PC Gamer: The new shooter from the former 4A Ukraine studio ...
2025-04-25 19:01:59,766 - INFO - NotÌcia encontrada PC Gamer: Fallout creator laments the loss of the game's ear...
2025-04-25 19:01:59,766 - INFO - NotÌcia encontrada PC Gamer: Powercolor Radeon RX 9070 GRE pictured which means...
2025-04-25 19:01:59,767 - INFO - NotÌcia encontrada PC Gamer: Hugo Martin isn't messing around as he unveils Doo...
2025-04-25 19:01:59,767 - INFO - NotÌcia encontrada PC Gamer: Apple and Meta have been fined a total of Ä700,000...
2025-04-25 19:01:59,768 - INFO - NotÌcia encontrada PC Gamer: I spent $3 to shoot a wall for 30 minutes...
2025-04-25 19:02:01,769 - INFO - Coletando notÌcias do Adrenaline...
2025-04-25 19:02:05,564 - INFO - Status da resposta Adrenaline: 200
2025-04-25 19:02:05,631 - INFO - Artigos encontrados Adrenaline: 0
2025-04-25 19:02:07,632 - INFO - Coletando notÌcias do TecMundo (Games)...
2025-04-25 19:02:09,491 - INFO - Status da resposta TecMundo: 500
2025-04-25 19:02:09,511 - INFO - Artigos encontrados TecMundo: 0
2025-04-25 19:02:09,511 - INFO - Total de notÌcias coletadas apÛs filtragem: 19
2025-04-25 19:02:09,514 - INFO - Arquivos noticias.json e noticias.js gerados com sucesso!
2025-04-25 19:02:09,514 - INFO - ===== Coleta finalizada em 2025-04-25 19:02:09 =====

2025-04-25 22:32:54,439 - INFO - ===== Iniciando coleta de not√≠cias em 2025-04-25 22:32:54 =====
2025-04-25 22:32:54,452 - INFO - Coletando not√≠cias do TechTudo (Games)...
2025-04-25 22:32:54,453 - INFO - Coletando not√≠cias da IGN Brasil...
2025-04-25 22:32:54,454 - INFO - Coletando not√≠cias da PC Gamer...
2025-04-25 22:32:55,958 - INFO - Status da resposta IGN: 200
2025-04-25 22:32:56,140 - INFO - Artigos encontrados IGN: 71
2025-04-25 22:32:56,141 - INFO - Not√≠cia encontrada IGN: Lost Records: Bloom & Rage √© como uma festa que ac...
2025-04-25 22:32:56,141 - INFO - Not√≠cia encontrada IGN: Clair Obscur: Expedition 33 ‚Äì Um novo cl√°ssico for...
2025-04-25 22:32:56,142 - INFO - Not√≠cia encontrada IGN: Fatal Fury: City of the Wolves √© o mehor jogo da S...
2025-04-25 22:32:56,142 - INFO - Not√≠cia encontrada IGN: Nintendo revela pre√ßo e data de lan√ßamento do Swit...
2025-04-25 22:32:56,143 - INFO - Not√≠cia encontrada IGN: "Sempre esteve na nossa lista", diretor e produtor...
2025-04-25 22:32:56,143 - INFO - Not√≠cia encontrada IGN: Clair Obscur: Expedition 33 supera Blue Prince e s...
2025-04-25 22:32:56,144 - INFO - Not√≠cia encontrada IGN: Dune: Awakening ter√° beta aberto extenso no in√≠cio...
2025-04-25 22:32:56,144 - INFO - Not√≠cia encontrada IGN: Hideo Kojima escolheu Margaret Qualley para papel ...
2025-04-25 22:32:56,144 - INFO - Not√≠cia encontrada IGN: Eleve seus estudos com o Tablet Samsung Tab A9 64G...
2025-04-25 22:32:56,145 - INFO - Not√≠cia encontrada IGN: Esse controle √© um dos mais vendidos no Mercado Li...
2025-04-25 22:32:56,145 - INFO - Coletando not√≠cias do Adrenaline...
2025-04-25 22:32:56,207 - INFO - Status da resposta PC Gamer: 200
2025-04-25 22:32:56,261 - INFO - Artigos encontrados PC Gamer: 11
2025-04-25 22:32:56,262 - INFO - Not√≠cia encontrada PC Gamer: A Windows 11 update revealed a 2-decade old bug in...
2025-04-25 22:32:56,263 - INFO - Not√≠cia encontrada PC Gamer: EA's Skate reboot is always online, and you know w...
2025-04-25 22:32:56,263 - INFO - Not√≠cia encontrada PC Gamer: Nexus Mods decides to allow an Oblivion Remastered...
2025-04-25 22:32:56,264 - INFO - Not√≠cia encontrada PC Gamer: We can finally play 2006's flip phone-exclusive Mo...
2025-04-25 22:32:56,264 - INFO - Not√≠cia encontrada PC Gamer: By choosing not to replace Oblivion Remastered's s...
2025-04-25 22:32:56,265 - INFO - Not√≠cia encontrada PC Gamer: Modders somehow cranked out a VR mod for Oblivion ...
2025-04-25 22:32:56,265 - INFO - Not√≠cia encontrada PC Gamer: The new shooter from the former 4A Ukraine studio ...
2025-04-25 22:32:56,266 - INFO - Not√≠cia encontrada PC Gamer: Fallout creator laments the loss of the game's ear...
2025-04-25 22:32:56,266 - INFO - Not√≠cia encontrada PC Gamer: Powercolor Radeon RX 9070 GRE pictured which means...
2025-04-25 22:32:56,267 - INFO - Coletando not√≠cias do TecMundo (Games)...
2025-04-25 22:32:56,487 - INFO - Status da resposta TechTudo: 404
2025-04-25 22:32:56,488 - INFO - Artigos encontrados TechTudo: 0
2025-04-25 22:32:56,488 - INFO - Coletando not√≠cias do GameViciados...
2025-04-25 22:32:57,419 - INFO - Status da resposta GameViciados: 200
2025-04-25 22:32:57,581 - INFO - Artigos encontrados GameViciados: 0
2025-04-25 22:32:57,581 - INFO - Coletando not√≠cias do Voxel...
2025-04-25 22:32:59,754 - INFO - Status da resposta Voxel: 200
2025-04-25 22:32:59,837 - INFO - Artigos encontrados Voxel: 0
2025-04-25 22:33:01,149 - INFO - Status da resposta Adrenaline: 200
2025-04-25 22:33:01,231 - INFO - Artigos encontrados Adrenaline: 0
2025-04-25 22:33:05,787 - ERROR - Erro ao coletar not√≠cias do TecMundo: HTTPSConnectionPool(host='www.tecmundo.com.br', port=443): Max retries exceeded with url: /minha-serie/jogos?ab=true& (Caused by ResponseError('too many 500 error responses'))
2025-04-25 22:33:05,812 - INFO - Cache atualizado com sucesso
2025-04-25 22:33:05,818 - INFO - Arquivos noticias.json e noticias.js gerados com sucesso!
2025-04-25 22:54:06,443 - INFO - ===== Iniciando coleta de not√≠cias em 2025-04-25 22:54:06 =====
2025-04-25 22:54:06,490 - INFO - Usando not√≠cias em cache
2025-04-25 22:54:06,493 - INFO - Arquivos noticias.json e noticias.js gerados com sucesso!
2025-04-26 01:36:56,666 - INFO - ===== Iniciando coleta de not√≠cias em 2025-04-26 01:36:56 =====
2025-04-26 01:36:56,715 - INFO - Cache expirado, buscando novas not√≠cias
2025-04-26 01:36:56,731 - INFO - Coletando not√≠cias do TechTudo (Games)...
2025-04-26 01:36:56,736 - INFO - Coletando not√≠cias da IGN Brasil...
2025-04-26 01:36:56,736 - INFO - Coletando not√≠cias da PC Gamer...
2025-04-26 01:36:59,106 - INFO - Status da resposta IGN: 200
2025-04-26 01:36:59,177 - INFO - Status da resposta TechTudo: 404
2025-04-26 01:36:59,207 - INFO - Artigos encontrados TechTudo: 0
2025-04-26 01:36:59,238 - INFO - Coletando not√≠cias do Adrenaline...
2025-04-26 01:36:59,239 - INFO - Status da resposta PC Gamer: 200
2025-04-26 01:36:59,293 - INFO - Artigos encontrados IGN: 71
2025-04-26 01:36:59,336 - INFO - Not√≠cia encontrada IGN: Lost Records: Bloom & Rage √© como uma festa que ac...
2025-04-26 01:36:59,348 - INFO - Artigos encontrados PC Gamer: 11
2025-04-26 01:36:59,349 - INFO - Not√≠cia encontrada IGN: Clair Obscur: Expedition 33 ‚Äì Um novo cl√°ssico for...
2025-04-26 01:36:59,350 - INFO - Not√≠cia encontrada PC Gamer: Today's Wordle answer for Saturday, April 26...
2025-04-26 01:36:59,350 - INFO - Not√≠cia encontrada IGN: Fatal Fury: City of the Wolves √© o mehor jogo da S...
2025-04-26 01:36:59,350 - INFO - Not√≠cia encontrada PC Gamer: A Windows 11 update revealed a 2-decade old bug in...
2025-04-26 01:36:59,351 - INFO - Not√≠cia encontrada IGN: Nintendo revela pre√ßo e data de lan√ßamento do Swit...
2025-04-26 01:36:59,351 - INFO - Not√≠cia encontrada PC Gamer: EA's Skate reboot is always online, and you know w...
2025-04-26 01:36:59,352 - INFO - Not√≠cia encontrada IGN: "Sempre esteve na nossa lista", diretor e produtor...
2025-04-26 01:36:59,352 - INFO - Not√≠cia encontrada PC Gamer: Nexus Mods decides to allow an Oblivion Remastered...
2025-04-26 01:36:59,353 - INFO - Not√≠cia encontrada IGN: Clair Obscur: Expedition 33 supera Blue Prince e s...
2025-04-26 01:36:59,353 - INFO - Not√≠cia encontrada PC Gamer: We can finally play 2006's flip phone-exclusive Mo...
2025-04-26 01:36:59,353 - INFO - Not√≠cia encontrada IGN: Dune: Awakening ter√° beta aberto extenso no in√≠cio...
2025-04-26 01:36:59,354 - INFO - Not√≠cia encontrada PC Gamer: By choosing not to replace Oblivion Remastered's s...
2025-04-26 01:36:59,354 - INFO - Not√≠cia encontrada IGN: Hideo Kojima escolheu Margaret Qualley para papel ...
2025-04-26 01:36:59,355 - INFO - Not√≠cia encontrada PC Gamer: Modders somehow cranked out a VR mod for Oblivion ...
2025-04-26 01:36:59,355 - INFO - Not√≠cia encontrada IGN: Vai uma dose de nostalgia? Console Nintendo Wii em...
2025-04-26 01:36:59,356 - INFO - Not√≠cia encontrada PC Gamer: The new shooter from the former 4A Ukraine studio ...
2025-04-26 01:36:59,356 - INFO - Not√≠cia encontrada IGN: Smart TV LG 4K 55" Nanocell: leve entretenimento i...
2025-04-26 01:36:59,356 - INFO - Not√≠cia encontrada PC Gamer: Fallout creator laments the loss of the game's ear...
2025-04-26 01:36:59,357 - INFO - Coletando not√≠cias do TecMundo (Games)...
2025-04-26 01:36:59,357 - INFO - Coletando not√≠cias do GameViciados...
2025-04-26 01:37:02,162 - INFO - Status da resposta GameViciados: 200
2025-04-26 01:37:02,317 - INFO - Artigos encontrados GameViciados: 0
2025-04-26 01:37:02,317 - INFO - Status da resposta TecMundo: 200
2025-04-26 01:37:02,317 - INFO - Coletando not√≠cias do Voxel...
2025-04-26 01:37:02,365 - INFO - Artigos encontrados TecMundo: 20
2025-04-26 01:37:02,366 - INFO - Not√≠cia encontrada TecMundo: Epic Games libera dois jogos gr√°tis no Android por...
2025-04-26 01:37:02,367 - INFO - Not√≠cia encontrada TecMundo: Nuuvem Select de Easter Egg Game Festival traz pro...
2025-04-26 01:37:02,367 - INFO - Not√≠cia encontrada TecMundo: Ap√≥s aumento de pre√ßo, PS Plus perder√° GTA 5 e mai...
2025-04-26 01:37:02,368 - INFO - Not√≠cia encontrada TecMundo: Steam recebe 7 jogos gr√°tis nesta semana! Veja lis...
2025-04-26 01:37:02,368 - INFO - Not√≠cia encontrada TecMundo: PlayStation tem jogos para PS4 e PS5 com at√© 90% O...
2025-04-26 01:37:02,369 - INFO - Not√≠cia encontrada TecMundo: Jogos do Switch 2 por at√© R$ 500: O que explica la...
2025-04-26 01:37:02,369 - INFO - Not√≠cia encontrada TecMundo: Xbox Game Pass recebe um dos melhores jogos do ano...
2025-04-26 01:37:02,370 - INFO - Not√≠cia encontrada TecMundo: Roblox anuncia grande mudan√ßa em seus pre√ßos e met...
2025-04-26 01:37:02,371 - INFO - Not√≠cia encontrada TecMundo: Prime Gaming recebe √∫ltima lista com os jogos grat...
2025-04-26 01:37:02,371 - INFO - Not√≠cia encontrada TecMundo: Xbox: jogos de Xbox One e Series S|X com at√© 90% d...
2025-04-26 01:37:03,703 - INFO - Status da resposta Voxel: 200
2025-04-26 01:37:03,744 - INFO - Artigos encontrados Voxel: 22
2025-04-26 01:37:03,745 - INFO - Not√≠cia encontrada Voxel: Elder Scrolls IV Oblivion Remastered √© lan√ßado e c...
2025-04-26 01:37:03,745 - INFO - Not√≠cia encontrada Voxel: The Elder Scrolls IV Oblivion Remastered pede 32 G...
2025-04-26 01:37:03,746 - INFO - Not√≠cia encontrada Voxel: Maior p√°gina de pirataria de jogos do Brasil √© der...
2025-04-26 01:37:03,746 - INFO - Not√≠cia encontrada Voxel: Steam recebe 5 jogos gr√°tis nesta semana! Veja lis...
2025-04-26 01:37:03,747 - INFO - Not√≠cia encontrada Voxel: Mario Kart World: Veja gameplay, personagens confi...
2025-04-26 01:37:03,747 - INFO - Not√≠cia encontrada Voxel: Homem de 58 anos √© condenado a dois anos de pris√£o...
2025-04-26 01:37:03,748 - INFO - Not√≠cia encontrada Voxel: Nintendo Switch tem ofertas com at√© 90% OFF na eSh...
2025-04-26 01:37:03,748 - INFO - Not√≠cia encontrada Voxel: Epic Games libera dois jogos gr√°tis no Android por...
2025-04-26 01:37:03,748 - INFO - Not√≠cia encontrada Voxel: Nuuvem Select de Easter Egg Game Festival traz pro...
2025-04-26 01:37:03,749 - INFO - Not√≠cia encontrada Voxel: Switch 2 mais caro que PS5 no Brasil, Oblivion Rem...
2025-04-26 01:37:04,423 - INFO - Status da resposta Adrenaline: 200
2025-04-26 01:37:04,488 - INFO - Artigos encontrados Adrenaline: 0
2025-04-26 01:37:04,490 - INFO - Cache atualizado com sucesso
2025-04-26 01:37:04,493 - INFO - Arquivos noticias.json e noticias.js gerados com sucesso!
2025-04-26 17:23:12,045 - INFO - ===== Iniciando coleta de not√≠cias em 2025-04-26 17:23:12 =====
2025-04-26 17:23:12,098 - INFO - Cache expirado, buscando novas not√≠cias
2025-04-26 17:23:12,118 - INFO - Coletando not√≠cias do TechTudo (Games)...
2025-04-26 17:23:12,118 - INFO - Coletando not√≠cias da IGN Brasil...
2025-04-26 17:23:12,119 - INFO - Coletando not√≠cias da PC Gamer...
2025-04-26 17:23:13,919 - INFO - Status da resposta IGN: 200
2025-04-26 17:23:14,046 - INFO - Artigos encontrados IGN: 71
2025-04-26 17:23:14,046 - INFO - Not√≠cia encontrada IGN: Lost Records: Bloom & Rage √© como uma festa que ac...
2025-04-26 17:23:14,047 - INFO - Not√≠cia encontrada IGN: Clair Obscur: Expedition 33 ‚Äì Um novo cl√°ssico for...
2025-04-26 17:23:14,047 - INFO - Not√≠cia encontrada IGN: Fatal Fury: City of the Wolves √© o mehor jogo da S...
2025-04-26 17:23:14,047 - INFO - Not√≠cia encontrada IGN: Nintendo revela pre√ßo e data de lan√ßamento do Swit...
2025-04-26 17:23:14,048 - INFO - Not√≠cia encontrada IGN: "Sempre esteve na nossa lista", diretor e produtor...
2025-04-26 17:23:14,048 - INFO - Not√≠cia encontrada IGN: Clair Obscur: Expedition 33 supera Blue Prince e s...
2025-04-26 17:23:14,048 - INFO - Not√≠cia encontrada IGN: Dune: Awakening ter√° beta aberto extenso no in√≠cio...
2025-04-26 17:23:14,049 - INFO - Not√≠cia encontrada IGN: Hideo Kojima escolheu Margaret Qualley para papel ...
2025-04-26 17:23:14,049 - INFO - Not√≠cia encontrada IGN: A uma velocidade de 62.000 km/h, asteroide est√° se...
2025-04-26 17:23:14,049 - INFO - Not√≠cia encontrada IGN: Ap√≥s 10 anos, ex-jogador de console muda para PC, ...
2025-04-26 17:23:14,061 - INFO - Coletando not√≠cias do Adrenaline...
2025-04-26 17:23:14,164 - INFO - Status da resposta TechTudo: 404
2025-04-26 17:23:14,165 - INFO - Artigos encontrados TechTudo: 0
2025-04-26 17:23:14,165 - INFO - Coletando not√≠cias do TecMundo (Games)...
2025-04-26 17:23:14,366 - INFO - Status da resposta PC Gamer: 200
2025-04-26 17:23:14,418 - INFO - Artigos encontrados PC Gamer: 11
2025-04-26 17:23:14,419 - INFO - Not√≠cia encontrada PC Gamer: Oblivion Remastered hit 4 million players in less ...
2025-04-26 17:23:14,420 - INFO - Not√≠cia encontrada PC Gamer: The RoboCop: Rogue City expansion that looks like ...
2025-04-26 17:23:14,420 - INFO - Not√≠cia encontrada PC Gamer: This upcoming life sim features co-op survival, fa...
2025-04-26 17:23:14,421 - INFO - Not√≠cia encontrada PC Gamer: The adventure game that kicked off the Syberia ser...
2025-04-26 17:23:14,422 - INFO - Not√≠cia encontrada PC Gamer: The end of The Long Dark is in sight after over a ...
2025-04-26 17:23:14,422 - INFO - Not√≠cia encontrada PC Gamer: Today's Wordle answer for Saturday, April 26...
2025-04-26 17:23:14,423 - INFO - Not√≠cia encontrada PC Gamer: A Windows 11 update revealed a 2-decade old bug in...
2025-04-26 17:23:14,423 - INFO - Not√≠cia encontrada PC Gamer: EA's Skate reboot is always online, and you know w...
2025-04-26 17:23:14,424 - INFO - Not√≠cia encontrada PC Gamer: Nexus Mods decides to allow an Oblivion Remastered...
2025-04-26 17:23:14,424 - INFO - Coletando not√≠cias do GameViciados...
2025-04-26 17:23:16,771 - INFO - Status da resposta GameViciados: 200
2025-04-26 17:23:16,919 - INFO - Artigos encontrados GameViciados: 0
2025-04-26 17:23:16,919 - INFO - Coletando not√≠cias do Voxel...
2025-04-26 17:23:18,652 - INFO - Status da resposta Adrenaline: 200
2025-04-26 17:23:18,744 - INFO - Artigos encontrados Adrenaline: 0
2025-04-26 17:23:19,513 - INFO - Status da resposta Voxel: 200
2025-04-26 17:23:19,592 - INFO - Artigos encontrados Voxel: 0
2025-04-26 17:23:25,373 - ERROR - Erro ao coletar not√≠cias do TecMundo: HTTPSConnectionPool(host='www.tecmundo.com.br', port=443): Max retries exceeded with url: /minha-serie/jogos?ab=true& (Caused by ResponseError('too many 500 error responses'))
2025-04-26 17:23:25,377 - INFO - Cache atualizado com sucesso
2025-04-26 17:23:25,385 - INFO - Arquivos tamb√©m atualizados na pasta docs/
2025-04-26 17:23:25,386 - INFO - Arquivos noticias.json e noticias.js gerados com sucesso!
26/04/2025 17:34:52,62 - Iniciando atualizacao de noticias... 
Criando backup... 
2025-04-26 17:34:58,117 - INFO - Iniciando coleta de not√≠cias...
2025-04-26 17:34:58,118 - INFO - Usando not√≠cias em cache
2025-04-26 17:34:58,118 - INFO - Usando 10 not√≠cias do cache
2025-04-26 17:34:58,119 - INFO - Arquivo noticias.json salvo com sucesso
2025-04-26 17:34:58,120 - INFO - Arquivo noticias.js salvo com sucesso
2025-04-26 17:34:58,121 - INFO - Arquivo docs/noticias.json salvo com sucesso
2025-04-26 17:34:58,122 - INFO - Arquivo docs/noticias.js salvo com sucesso
2025-04-26 17:34:58,122 - INFO - Processo de coleta de not√≠cias conclu√≠do com sucesso
26/04/2025 17:34:58,16 - Scraper executado com sucesso 
26/04/2025 17:34:58,17 - Verificando arquivos para copiar para a pasta docs... 
26/04/2025 17:34:58,19 - Copiando noticias.js para a pasta docs... 
26/04/2025 17:34:58,19 - Data do arquivo original: 
 O volume na unidade C n∆o tem nome.
 O N£mero de SÇrie do Volume Ç 7403-92F6

 Pasta de C:\Users\slach\OneDrive\Documentos\GitHub\slach3

26/04/2025  02:34             5.313 noticias.js
               1 arquivo(s)          5.313 bytes
               0 pasta(s)   91.304.275.968 bytes dispon°veis
26/04/2025 17:34:58,19 - Data do arquivo copiado: 
 O volume na unidade C n∆o tem nome.
 O N£mero de SÇrie do Volume Ç 7403-92F6

 Pasta de C:\Users\slach\OneDrive\Documentos\GitHub\slach3\docs

26/04/2025  02:34             5.313 noticias.js
               1 arquivo(s)          5.313 bytes
               0 pasta(s)   91.304.275.968 bytes dispon°veis
26/04/2025 17:34:58,42 - Copiando noticias.json para a pasta docs... 
26/04/2025 17:34:58,42 - Data do arquivo original: 
 O volume na unidade C n∆o tem nome.
 O N£mero de SÇrie do Volume Ç 7403-92F6

 Pasta de C:\Users\slach\OneDrive\Documentos\GitHub\slach3

26/04/2025  02:34             5.295 noticias.json
               1 arquivo(s)          5.295 bytes
               0 pasta(s)   91.304.275.968 bytes dispon°veis
26/04/2025 17:34:58,42 - Data do arquivo copiado: 
 O volume na unidade C n∆o tem nome.
 O N£mero de SÇrie do Volume Ç 7403-92F6

 Pasta de C:\Users\slach\OneDrive\Documentos\GitHub\slach3\docs

26/04/2025  02:34             5.295 noticias.json
               1 arquivo(s)          5.295 bytes
               0 pasta(s)   91.304.144.896 bytes dispon°veis
26/04/2025 17:34:58,47 - Processo de atualizacao finalizado. 
